<?xml version="1.0" encoding="UTF-8"?>
<testng-results skipped="0" failed="0" ignored="1" total="12" passed="11">
  <reporter-output>
  </reporter-output>
  <suite name="Suite" duration-ms="1827489" started-at="2019-02-12T21:08:28Z" finished-at="2019-02-12T21:38:56Z">
    <groups>
    </groups>
    <test name="Test" duration-ms="1827489" started-at="2019-02-12T21:08:28Z" finished-at="2019-02-12T21:38:56Z">
      <class name="tests.TestOne">
        <test-method status="PASS" signature="beforeClass()[pri:0, instance:tests.TestOne@41fbdac4]" name="beforeClass" is-config="true" duration-ms="198" started-at="2019-02-12T21:08:28Z" finished-at="2019-02-12T21:08:28Z">
          <reporter-output>
          </reporter-output>
        </test-method> <!-- beforeClass -->
        <test-method status="PASS" signature="beforeMethod()[pri:0, instance:tests.TestOne@41fbdac4]" name="beforeMethod" is-config="true" duration-ms="1" started-at="2019-02-12T21:08:28Z" finished-at="2019-02-12T21:08:28Z">
          <reporter-output>
          </reporter-output>
        </test-method> <!-- beforeMethod -->
        <test-method status="PASS" signature="CVD_Align_With_AD()[pri:1, instance:tests.TestOne@41fbdac4]" name="CVD_Align_With_AD" duration-ms="202944" started-at="2019-02-12T21:08:28Z" finished-at="2019-02-12T21:11:51Z">
          <reporter-output>
          </reporter-output>
        </test-method> <!-- CVD_Align_With_AD -->
        <test-method status="PASS" signature="afterMethod()[pri:0, instance:tests.TestOne@41fbdac4]" name="afterMethod" is-config="true" duration-ms="8" started-at="2019-02-12T21:11:51Z" finished-at="2019-02-12T21:11:51Z">
          <reporter-output>
          </reporter-output>
        </test-method> <!-- afterMethod -->
        <test-method status="PASS" signature="Litigation_Dates_Validation()[pri:2, instance:tests.TestOne@41fbdac4]" name="Litigation_Dates_Validation" duration-ms="42707" started-at="2019-02-12T21:11:51Z" finished-at="2019-02-12T21:12:34Z">
          <reporter-output>
          </reporter-output>
        </test-method> <!-- Litigation_Dates_Validation -->
        <test-method status="PASS" signature="beforeMethod()[pri:0, instance:tests.TestOne@41fbdac4]" name="beforeMethod" is-config="true" duration-ms="0" started-at="2019-02-12T21:11:51Z" finished-at="2019-02-12T21:11:51Z">
          <reporter-output>
          </reporter-output>
        </test-method> <!-- beforeMethod -->
        <test-method status="PASS" signature="afterMethod()[pri:0, instance:tests.TestOne@41fbdac4]" name="afterMethod" is-config="true" duration-ms="5" started-at="2019-02-12T21:12:34Z" finished-at="2019-02-12T21:12:34Z">
          <reporter-output>
          </reporter-output>
        </test-method> <!-- afterMethod -->
        <test-method status="PASS" signature="Self_Initiated_Petition_Investigation_Dates()[pri:3, instance:tests.TestOne@41fbdac4]" name="Self_Initiated_Petition_Investigation_Dates" duration-ms="255299" started-at="2019-02-12T21:12:34Z" finished-at="2019-02-12T21:16:49Z">
          <reporter-output>
          </reporter-output>
        </test-method> <!-- Self_Initiated_Petition_Investigation_Dates -->
        <test-method status="PASS" signature="beforeMethod()[pri:0, instance:tests.TestOne@41fbdac4]" name="beforeMethod" is-config="true" duration-ms="0" started-at="2019-02-12T21:12:34Z" finished-at="2019-02-12T21:12:34Z">
          <reporter-output>
          </reporter-output>
        </test-method> <!-- beforeMethod -->
        <test-method status="PASS" signature="afterMethod()[pri:0, instance:tests.TestOne@41fbdac4]" name="afterMethod" is-config="true" duration-ms="11" started-at="2019-02-12T21:16:49Z" finished-at="2019-02-12T21:16:49Z">
          <reporter-output>
          </reporter-output>
        </test-method> <!-- afterMethod -->
        <test-method status="PASS" signature="beforeMethod()[pri:0, instance:tests.TestOne@41fbdac4]" name="beforeMethod" is-config="true" duration-ms="1" started-at="2019-02-12T21:16:49Z" finished-at="2019-02-12T21:16:49Z">
          <reporter-output>
          </reporter-output>
        </test-method> <!-- beforeMethod -->
        <test-method status="PASS" signature="Align_NSR_To_NR()[pri:4, instance:tests.TestOne@41fbdac4]" name="Align_NSR_To_NR" duration-ms="144679" started-at="2019-02-12T21:16:49Z" finished-at="2019-02-12T21:19:14Z">
          <reporter-output>
          </reporter-output>
        </test-method> <!-- Align_NSR_To_NR -->
        <test-method status="PASS" signature="afterMethod()[pri:0, instance:tests.TestOne@41fbdac4]" name="afterMethod" is-config="true" duration-ms="7" started-at="2019-02-12T21:19:14Z" finished-at="2019-02-12T21:19:14Z">
          <reporter-output>
          </reporter-output>
        </test-method> <!-- afterMethod -->
        <test-method status="PASS" signature="beforeMethod()[pri:0, instance:tests.TestOne@41fbdac4]" name="beforeMethod" is-config="true" duration-ms="1" started-at="2019-02-12T21:19:14Z" finished-at="2019-02-12T21:19:14Z">
          <reporter-output>
          </reporter-output>
        </test-method> <!-- beforeMethod -->
        <test-method status="PASS" signature="Petition_Status_Validation()[pri:5, instance:tests.TestOne@41fbdac4]" name="Petition_Status_Validation" duration-ms="74089" started-at="2019-02-12T21:19:14Z" finished-at="2019-02-12T21:20:28Z">
          <reporter-output>
          </reporter-output>
        </test-method> <!-- Petition_Status_Validation -->
        <test-method status="PASS" signature="afterMethod()[pri:0, instance:tests.TestOne@41fbdac4]" name="afterMethod" is-config="true" duration-ms="9" started-at="2019-02-12T21:20:28Z" finished-at="2019-02-12T21:20:28Z">
          <reporter-output>
          </reporter-output>
        </test-method> <!-- afterMethod -->
        <test-method status="PASS" signature="Admin_Review_Status_Validation()[pri:7, instance:tests.TestOne@41fbdac4]" name="Admin_Review_Status_Validation" duration-ms="189744" started-at="2019-02-12T21:20:28Z" finished-at="2019-02-12T21:23:38Z">
          <reporter-output>
          </reporter-output>
        </test-method> <!-- Admin_Review_Status_Validation -->
        <test-method status="PASS" signature="beforeMethod()[pri:0, instance:tests.TestOne@41fbdac4]" name="beforeMethod" is-config="true" duration-ms="0" started-at="2019-02-12T21:20:28Z" finished-at="2019-02-12T21:20:28Z">
          <reporter-output>
          </reporter-output>
        </test-method> <!-- beforeMethod -->
        <test-method status="PASS" signature="afterMethod()[pri:0, instance:tests.TestOne@41fbdac4]" name="afterMethod" is-config="true" duration-ms="10" started-at="2019-02-12T21:23:38Z" finished-at="2019-02-12T21:23:38Z">
          <reporter-output>
          </reporter-output>
        </test-method> <!-- afterMethod -->
        <test-method status="PASS" signature="beforeMethod()[pri:0, instance:tests.TestOne@41fbdac4]" name="beforeMethod" is-config="true" duration-ms="0" started-at="2019-02-12T21:23:38Z" finished-at="2019-02-12T21:23:38Z">
          <reporter-output>
          </reporter-output>
        </test-method> <!-- beforeMethod -->
        <test-method status="PASS" signature="Expedited_Review_Status_Validation()[pri:8, instance:tests.TestOne@41fbdac4]" name="Expedited_Review_Status_Validation" duration-ms="191221" started-at="2019-02-12T21:23:38Z" finished-at="2019-02-12T21:26:49Z">
          <reporter-output>
          </reporter-output>
        </test-method> <!-- Expedited_Review_Status_Validation -->
        <test-method status="PASS" signature="afterMethod()[pri:0, instance:tests.TestOne@41fbdac4]" name="afterMethod" is-config="true" duration-ms="11" started-at="2019-02-12T21:26:49Z" finished-at="2019-02-12T21:26:49Z">
          <reporter-output>
          </reporter-output>
        </test-method> <!-- afterMethod -->
        <test-method status="PASS" signature="beforeMethod()[pri:0, instance:tests.TestOne@41fbdac4]" name="beforeMethod" is-config="true" duration-ms="1" started-at="2019-02-12T21:26:49Z" finished-at="2019-02-12T21:26:49Z">
          <reporter-output>
          </reporter-output>
        </test-method> <!-- beforeMethod -->
        <test-method status="PASS" signature="New_Shipper_Review_Status_Validation()[pri:9, instance:tests.TestOne@41fbdac4]" name="New_Shipper_Review_Status_Validation" duration-ms="185558" started-at="2019-02-12T21:26:49Z" finished-at="2019-02-12T21:29:55Z">
          <reporter-output>
          </reporter-output>
        </test-method> <!-- New_Shipper_Review_Status_Validation -->
        <test-method status="PASS" signature="afterMethod()[pri:0, instance:tests.TestOne@41fbdac4]" name="afterMethod" is-config="true" duration-ms="3" started-at="2019-02-12T21:29:55Z" finished-at="2019-02-12T21:29:55Z">
          <reporter-output>
          </reporter-output>
        </test-method> <!-- afterMethod -->
        <test-method status="PASS" signature="Changed_Circumstance_Review_Status_Validation()[pri:10, instance:tests.TestOne@41fbdac4]" name="Changed_Circumstance_Review_Status_Validation" duration-ms="193954" started-at="2019-02-12T21:29:55Z" finished-at="2019-02-12T21:33:09Z">
          <reporter-output>
          </reporter-output>
        </test-method> <!-- Changed_Circumstance_Review_Status_Validation -->
        <test-method status="PASS" signature="beforeMethod()[pri:0, instance:tests.TestOne@41fbdac4]" name="beforeMethod" is-config="true" duration-ms="0" started-at="2019-02-12T21:29:55Z" finished-at="2019-02-12T21:29:55Z">
          <reporter-output>
          </reporter-output>
        </test-method> <!-- beforeMethod -->
        <test-method status="PASS" signature="afterMethod()[pri:0, instance:tests.TestOne@41fbdac4]" name="afterMethod" is-config="true" duration-ms="4" started-at="2019-02-12T21:33:09Z" finished-at="2019-02-12T21:33:09Z">
          <reporter-output>
          </reporter-output>
        </test-method> <!-- afterMethod -->
        <test-method status="PASS" signature="beforeMethod()[pri:0, instance:tests.TestOne@41fbdac4]" name="beforeMethod" is-config="true" duration-ms="0" started-at="2019-02-12T21:33:09Z" finished-at="2019-02-12T21:33:09Z">
          <reporter-output>
          </reporter-output>
        </test-method> <!-- beforeMethod -->
        <test-method status="PASS" signature="Anticircumvention_Status_Validation()[pri:11, instance:tests.TestOne@41fbdac4]" name="Anticircumvention_Status_Validation" duration-ms="195525" started-at="2019-02-12T21:33:09Z" finished-at="2019-02-12T21:36:24Z">
          <reporter-output>
          </reporter-output>
        </test-method> <!-- Anticircumvention_Status_Validation -->
        <test-method status="PASS" signature="afterMethod()[pri:0, instance:tests.TestOne@41fbdac4]" name="afterMethod" is-config="true" duration-ms="4" started-at="2019-02-12T21:36:24Z" finished-at="2019-02-12T21:36:24Z">
          <reporter-output>
          </reporter-output>
        </test-method> <!-- afterMethod -->
        <test-method status="PASS" signature="beforeMethod()[pri:0, instance:tests.TestOne@41fbdac4]" name="beforeMethod" is-config="true" duration-ms="1" started-at="2019-02-12T21:36:24Z" finished-at="2019-02-12T21:36:24Z">
          <reporter-output>
          </reporter-output>
        </test-method> <!-- beforeMethod -->
        <test-method status="PASS" signature="Scope_Status_Validation()[pri:11, instance:tests.TestOne@41fbdac4]" name="Scope_Status_Validation" duration-ms="151128" started-at="2019-02-12T21:36:24Z" finished-at="2019-02-12T21:38:55Z">
          <reporter-output>
          </reporter-output>
        </test-method> <!-- Scope_Status_Validation -->
        <test-method status="PASS" signature="afterMethod()[pri:0, instance:tests.TestOne@41fbdac4]" name="afterMethod" is-config="true" duration-ms="3" started-at="2019-02-12T21:38:55Z" finished-at="2019-02-12T21:38:55Z">
          <reporter-output>
          </reporter-output>
        </test-method> <!-- afterMethod -->
        <test-method status="FAIL" signature="afterClass()[pri:0, instance:tests.TestOne@41fbdac4]" name="afterClass" is-config="true" duration-ms="321" started-at="2019-02-12T21:38:55Z" finished-at="2019-02-12T21:38:56Z">
          <exception class="org.openqa.selenium.NoSuchSessionException">
            <message>
              <![CDATA[invalid session id
  (Driver info: chromedriver=2.43.600210 (68dcf5eebde37173d4027fa8635e332711d2874a),platform=Windows NT 10.0.17134 x86_64) (WARNING: The server did not provide any stacktrace information)
Command duration or timeout: 0 milliseconds
Build info: version: '3.14.0', revision: 'aacccce0', time: '2018-08-02T20:19:58.91Z'
System info: host: 'DESKTOP-P47OH58', ip: '192.168.0.8', os.name: 'Windows 10', os.arch: 'amd64', os.version: '10.0', java.version: '1.8.0_191'
Driver info: org.openqa.selenium.chrome.ChromeDriver
Capabilities {acceptInsecureCerts: false, acceptSslCerts: false, applicationCacheEnabled: false, browserConnectionEnabled: false, browserName: chrome, chrome: {chromedriverVersion: 2.43.600210 (68dcf5eebde371..., userDataDir: C:/Users/Mouloud Hamdidouch...}, cssSelectorsEnabled: true, databaseEnabled: false, goog:chromeOptions: {debuggerAddress: localhost:51832}, handlesAlerts: true, hasTouchScreen: false, javascriptEnabled: true, locationContextEnabled: true, mobileEmulationEnabled: false, nativeEvents: true, networkConnectionEnabled: false, pageLoadStrategy: normal, platform: XP, platformName: XP, rotatable: false, setWindowRect: true, takesHeapSnapshot: true, takesScreenshot: true, unexpectedAlertBehaviour: , unhandledPromptBehavior: , version: 72.0.3626.96, webStorageEnabled: true}
Session ID: eb860ea380bd8bcaddf5f364bf71bd10]]>
            </message>
            <full-stacktrace>
              <![CDATA[org.openqa.selenium.NoSuchSessionException: invalid session id
  (Driver info: chromedriver=2.43.600210 (68dcf5eebde37173d4027fa8635e332711d2874a),platform=Windows NT 10.0.17134 x86_64) (WARNING: The server did not provide any stacktrace information)
Command duration or timeout: 0 milliseconds
Build info: version: '3.14.0', revision: 'aacccce0', time: '2018-08-02T20:19:58.91Z'
System info: host: 'DESKTOP-P47OH58', ip: '192.168.0.8', os.name: 'Windows 10', os.arch: 'amd64', os.version: '10.0', java.version: '1.8.0_191'
Driver info: org.openqa.selenium.chrome.ChromeDriver
Capabilities {acceptInsecureCerts: false, acceptSslCerts: false, applicationCacheEnabled: false, browserConnectionEnabled: false, browserName: chrome, chrome: {chromedriverVersion: 2.43.600210 (68dcf5eebde371..., userDataDir: C:/Users/Mouloud Hamdidouch...}, cssSelectorsEnabled: true, databaseEnabled: false, goog:chromeOptions: {debuggerAddress: localhost:51832}, handlesAlerts: true, hasTouchScreen: false, javascriptEnabled: true, locationContextEnabled: true, mobileEmulationEnabled: false, nativeEvents: true, networkConnectionEnabled: false, pageLoadStrategy: normal, platform: XP, platformName: XP, rotatable: false, setWindowRect: true, takesHeapSnapshot: true, takesScreenshot: true, unexpectedAlertBehaviour: , unhandledPromptBehavior: , version: 72.0.3626.96, webStorageEnabled: true}
Session ID: eb860ea380bd8bcaddf5f364bf71bd10
at sun.reflect.NativeConstructorAccessorImpl.newInstance0(Native Method)
at sun.reflect.NativeConstructorAccessorImpl.newInstance(Unknown Source)
at sun.reflect.DelegatingConstructorAccessorImpl.newInstance(Unknown Source)
at java.lang.reflect.Constructor.newInstance(Unknown Source)
at org.openqa.selenium.remote.ErrorHandler.createThrowable(ErrorHandler.java:214)
at org.openqa.selenium.remote.ErrorHandler.throwIfResponseFailed(ErrorHandler.java:166)
at org.openqa.selenium.remote.http.JsonHttpResponseCodec.reconstructValue(JsonHttpResponseCodec.java:40)
at org.openqa.selenium.remote.http.AbstractHttpResponseCodec.decode(AbstractHttpResponseCodec.java:80)
at org.openqa.selenium.remote.http.AbstractHttpResponseCodec.decode(AbstractHttpResponseCodec.java:44)
at org.openqa.selenium.remote.HttpCommandExecutor.execute(HttpCommandExecutor.java:158)
at org.openqa.selenium.remote.service.DriverCommandExecutor.execute(DriverCommandExecutor.java:83)
at org.openqa.selenium.remote.RemoteWebDriver.execute(RemoteWebDriver.java:548)
at org.openqa.selenium.remote.RemoteWebDriver.execute(RemoteWebDriver.java:605)
at org.openqa.selenium.remote.RemoteWebDriver.close(RemoteWebDriver.java:438)
at GuiLibs.GuiTools.closeBrowser(GuiTools.java:264)
at tests.TestOne.afterClass(TestOne.java:92)
at sun.reflect.NativeMethodAccessorImpl.invoke0(Native Method)
at sun.reflect.NativeMethodAccessorImpl.invoke(Unknown Source)
at sun.reflect.DelegatingMethodAccessorImpl.invoke(Unknown Source)
at java.lang.reflect.Method.invoke(Unknown Source)
at org.testng.internal.MethodInvocationHelper.invokeMethod(MethodInvocationHelper.java:124)
at org.testng.internal.MethodInvocationHelper.invokeMethodConsideringTimeout(MethodInvocationHelper.java:59)
at org.testng.internal.Invoker.invokeConfigurationMethod(Invoker.java:455)
at org.testng.internal.Invoker.invokeConfigurations(Invoker.java:222)
at org.testng.internal.Invoker.invokeConfigurations(Invoker.java:142)
at org.testng.internal.TestMethodWorker.invokeAfterClassMethods(TestMethodWorker.java:214)
at org.testng.internal.TestMethodWorker.run(TestMethodWorker.java:111)
at org.testng.TestRunner.privateRun(TestRunner.java:648)
at org.testng.TestRunner.run(TestRunner.java:505)
at org.testng.SuiteRunner.runTest(SuiteRunner.java:455)
at org.testng.SuiteRunner.runSequentially(SuiteRunner.java:450)
at org.testng.SuiteRunner.privateRun(SuiteRunner.java:415)
at org.testng.SuiteRunner.run(SuiteRunner.java:364)
at org.testng.SuiteRunnerWorker.runSuite(SuiteRunnerWorker.java:52)
at org.testng.SuiteRunnerWorker.run(SuiteRunnerWorker.java:84)
at org.testng.TestNG.runSuitesSequentially(TestNG.java:1208)
at org.testng.TestNG.runSuitesLocally(TestNG.java:1137)
at org.testng.TestNG.runSuites(TestNG.java:1049)
at org.testng.TestNG.run(TestNG.java:1017)
at tests.TestOne.main(TestOne.java:64)
]]>
            </full-stacktrace>
          </exception> <!-- org.openqa.selenium.NoSuchSessionException -->
          <reporter-output>
          </reporter-output>
        </test-method> <!-- afterClass -->
      </class> <!-- tests.TestOne -->
    </test> <!-- Test -->
  </suite> <!-- Suite -->
</testng-results>
