<?xml version="1.0" encoding="UTF-8"?>
<testng-results skipped="0" failed="1" ignored="12" total="21" passed="8">
  <reporter-output>
  </reporter-output>
  <suite name="Suite" duration-ms="1594895" started-at="2019-02-11T20:19:07Z" finished-at="2019-02-11T20:45:42Z">
    <groups>
    </groups>
    <test name="Test" duration-ms="1594895" started-at="2019-02-11T20:19:07Z" finished-at="2019-02-11T20:45:42Z">
      <class name="tests.TestOne">
        <test-method status="PASS" signature="beforeClass()[pri:0, instance:tests.TestOne@3c407114]" name="beforeClass" is-config="true" duration-ms="752" started-at="2019-02-11T20:19:07Z" finished-at="2019-02-11T20:19:08Z">
          <reporter-output>
          </reporter-output>
        </test-method> <!-- beforeClass -->
        <test-method status="PASS" signature="beforeMethod()[pri:0, instance:tests.TestOne@3c407114]" name="beforeMethod" is-config="true" duration-ms="0" started-at="2019-02-11T20:19:08Z" finished-at="2019-02-11T20:19:08Z">
          <reporter-output>
          </reporter-output>
        </test-method> <!-- beforeMethod -->
        <test-method status="FAIL" signature="CVD_Align_With_AD()[pri:1, instance:tests.TestOne@3c407114]" name="CVD_Align_With_AD" duration-ms="216850" started-at="2019-02-11T20:19:08Z" finished-at="2019-02-11T20:22:45Z">
          <exception class="org.openqa.selenium.StaleElementReferenceException">
            <message>
              <![CDATA[stale element reference: element is not attached to the page document
  (Session info: chrome=72.0.3626.96)
  (Driver info: chromedriver=2.43.600210 (68dcf5eebde37173d4027fa8635e332711d2874a),platform=Windows NT 10.0.17134 x86_64) (WARNING: The server did not provide any stacktrace information)
Command duration or timeout: 0 milliseconds
For documentation on this error, please visit: http://seleniumhq.org/exceptions/stale_element_reference.html
Build info: version: '3.14.0', revision: 'aacccce0', time: '2018-08-02T20:19:58.91Z'
System info: host: 'DESKTOP-P47OH58', ip: '172.26.16.67', os.name: 'Windows 10', os.arch: 'amd64', os.version: '10.0', java.version: '1.8.0_191'
Driver info: org.openqa.selenium.chrome.ChromeDriver
Capabilities {acceptInsecureCerts: false, acceptSslCerts: false, applicationCacheEnabled: false, browserConnectionEnabled: false, browserName: chrome, chrome: {chromedriverVersion: 2.43.600210 (68dcf5eebde371..., userDataDir: C:/Users/Mouloud Hamdidouch...}, cssSelectorsEnabled: true, databaseEnabled: false, goog:chromeOptions: {debuggerAddress: localhost:64078}, handlesAlerts: true, hasTouchScreen: false, javascriptEnabled: true, locationContextEnabled: true, mobileEmulationEnabled: false, nativeEvents: true, networkConnectionEnabled: false, pageLoadStrategy: normal, platform: XP, platformName: XP, rotatable: false, setWindowRect: true, takesHeapSnapshot: true, takesScreenshot: true, unexpectedAlertBehaviour: , unhandledPromptBehavior: , version: 72.0.3626.96, webStorageEnabled: true}
Session ID: 316cf091d7f4c896c4cfa089564d7d7d]]>
            </message>
            <full-stacktrace>
              <![CDATA[org.openqa.selenium.StaleElementReferenceException: stale element reference: element is not attached to the page document
  (Session info: chrome=72.0.3626.96)
  (Driver info: chromedriver=2.43.600210 (68dcf5eebde37173d4027fa8635e332711d2874a),platform=Windows NT 10.0.17134 x86_64) (WARNING: The server did not provide any stacktrace information)
Command duration or timeout: 0 milliseconds
For documentation on this error, please visit: http://seleniumhq.org/exceptions/stale_element_reference.html
Build info: version: '3.14.0', revision: 'aacccce0', time: '2018-08-02T20:19:58.91Z'
System info: host: 'DESKTOP-P47OH58', ip: '172.26.16.67', os.name: 'Windows 10', os.arch: 'amd64', os.version: '10.0', java.version: '1.8.0_191'
Driver info: org.openqa.selenium.chrome.ChromeDriver
Capabilities {acceptInsecureCerts: false, acceptSslCerts: false, applicationCacheEnabled: false, browserConnectionEnabled: false, browserName: chrome, chrome: {chromedriverVersion: 2.43.600210 (68dcf5eebde371..., userDataDir: C:/Users/Mouloud Hamdidouch...}, cssSelectorsEnabled: true, databaseEnabled: false, goog:chromeOptions: {debuggerAddress: localhost:64078}, handlesAlerts: true, hasTouchScreen: false, javascriptEnabled: true, locationContextEnabled: true, mobileEmulationEnabled: false, nativeEvents: true, networkConnectionEnabled: false, pageLoadStrategy: normal, platform: XP, platformName: XP, rotatable: false, setWindowRect: true, takesHeapSnapshot: true, takesScreenshot: true, unexpectedAlertBehaviour: , unhandledPromptBehavior: , version: 72.0.3626.96, webStorageEnabled: true}
Session ID: 316cf091d7f4c896c4cfa089564d7d7d
at sun.reflect.NativeConstructorAccessorImpl.newInstance0(Native Method)
at sun.reflect.NativeConstructorAccessorImpl.newInstance(Unknown Source)
at sun.reflect.DelegatingConstructorAccessorImpl.newInstance(Unknown Source)
at java.lang.reflect.Constructor.newInstance(Unknown Source)
at org.openqa.selenium.remote.ErrorHandler.createThrowable(ErrorHandler.java:214)
at org.openqa.selenium.remote.ErrorHandler.throwIfResponseFailed(ErrorHandler.java:166)
at org.openqa.selenium.remote.http.JsonHttpResponseCodec.reconstructValue(JsonHttpResponseCodec.java:40)
at org.openqa.selenium.remote.http.AbstractHttpResponseCodec.decode(AbstractHttpResponseCodec.java:80)
at org.openqa.selenium.remote.http.AbstractHttpResponseCodec.decode(AbstractHttpResponseCodec.java:44)
at org.openqa.selenium.remote.HttpCommandExecutor.execute(HttpCommandExecutor.java:158)
at org.openqa.selenium.remote.service.DriverCommandExecutor.execute(DriverCommandExecutor.java:83)
at org.openqa.selenium.remote.RemoteWebDriver.execute(RemoteWebDriver.java:548)
at org.openqa.selenium.remote.RemoteWebElement.execute(RemoteWebElement.java:276)
at org.openqa.selenium.remote.RemoteWebElement.isDisplayed(RemoteWebElement.java:317)
at GuiLibs.GuiTools.highlightElement(GuiTools.java:1088)
at libs.ADCVDLib.checkCvdAlignedWithAd(ADCVDLib.java:3501)
at tests.TestOne.CVD_Align_With_AD(TestOne.java:176)
at sun.reflect.NativeMethodAccessorImpl.invoke0(Native Method)
at sun.reflect.NativeMethodAccessorImpl.invoke(Unknown Source)
at sun.reflect.DelegatingMethodAccessorImpl.invoke(Unknown Source)
at java.lang.reflect.Method.invoke(Unknown Source)
at org.testng.internal.MethodInvocationHelper.invokeMethod(MethodInvocationHelper.java:124)
at org.testng.internal.Invoker.invokeMethod(Invoker.java:580)
at org.testng.internal.Invoker.invokeTestMethod(Invoker.java:716)
at org.testng.internal.Invoker.invokeTestMethods(Invoker.java:988)
at org.testng.internal.TestMethodWorker.invokeTestMethods(TestMethodWorker.java:125)
at org.testng.internal.TestMethodWorker.run(TestMethodWorker.java:109)
at org.testng.TestRunner.privateRun(TestRunner.java:648)
at org.testng.TestRunner.run(TestRunner.java:505)
at org.testng.SuiteRunner.runTest(SuiteRunner.java:455)
at org.testng.SuiteRunner.runSequentially(SuiteRunner.java:450)
at org.testng.SuiteRunner.privateRun(SuiteRunner.java:415)
at org.testng.SuiteRunner.run(SuiteRunner.java:364)
at org.testng.SuiteRunnerWorker.runSuite(SuiteRunnerWorker.java:52)
at org.testng.SuiteRunnerWorker.run(SuiteRunnerWorker.java:84)
at org.testng.TestNG.runSuitesSequentially(TestNG.java:1208)
at org.testng.TestNG.runSuitesLocally(TestNG.java:1137)
at org.testng.TestNG.runSuites(TestNG.java:1049)
at org.testng.TestNG.run(TestNG.java:1017)
at tests.TestOne.main(TestOne.java:70)
]]>
            </full-stacktrace>
          </exception> <!-- org.openqa.selenium.StaleElementReferenceException -->
          <reporter-output>
          </reporter-output>
        </test-method> <!-- CVD_Align_With_AD -->
        <test-method status="PASS" signature="afterMethod()[pri:0, instance:tests.TestOne@3c407114]" name="afterMethod" is-config="true" duration-ms="34" started-at="2019-02-11T20:22:45Z" finished-at="2019-02-11T20:22:45Z">
          <reporter-output>
          </reporter-output>
        </test-method> <!-- afterMethod -->
        <test-method status="PASS" signature="beforeMethod()[pri:0, instance:tests.TestOne@3c407114]" name="beforeMethod" is-config="true" duration-ms="0" started-at="2019-02-11T20:22:45Z" finished-at="2019-02-11T20:22:45Z">
          <reporter-output>
          </reporter-output>
        </test-method> <!-- beforeMethod -->
        <test-method status="PASS" signature="Litigation_Dates_Validation()[pri:2, instance:tests.TestOne@3c407114]" name="Litigation_Dates_Validation" duration-ms="48833" started-at="2019-02-11T20:22:45Z" finished-at="2019-02-11T20:23:34Z">
          <reporter-output>
          </reporter-output>
        </test-method> <!-- Litigation_Dates_Validation -->
        <test-method status="PASS" signature="afterMethod()[pri:0, instance:tests.TestOne@3c407114]" name="afterMethod" is-config="true" duration-ms="7" started-at="2019-02-11T20:23:34Z" finished-at="2019-02-11T20:23:34Z">
          <reporter-output>
          </reporter-output>
        </test-method> <!-- afterMethod -->
        <test-method status="PASS" signature="beforeMethod()[pri:0, instance:tests.TestOne@3c407114]" name="beforeMethod" is-config="true" duration-ms="0" started-at="2019-02-11T20:23:34Z" finished-at="2019-02-11T20:23:34Z">
          <reporter-output>
          </reporter-output>
        </test-method> <!-- beforeMethod -->
        <test-method status="PASS" signature="Self_Initiated_Petition_Investigation_Dates()[pri:3, instance:tests.TestOne@3c407114]" name="Self_Initiated_Petition_Investigation_Dates" duration-ms="311389" started-at="2019-02-11T20:23:34Z" finished-at="2019-02-11T20:28:45Z">
          <reporter-output>
          </reporter-output>
        </test-method> <!-- Self_Initiated_Petition_Investigation_Dates -->
        <test-method status="PASS" signature="afterMethod()[pri:0, instance:tests.TestOne@3c407114]" name="afterMethod" is-config="true" duration-ms="12" started-at="2019-02-11T20:28:45Z" finished-at="2019-02-11T20:28:45Z">
          <reporter-output>
          </reporter-output>
        </test-method> <!-- afterMethod -->
        <test-method status="PASS" signature="beforeMethod()[pri:0, instance:tests.TestOne@3c407114]" name="beforeMethod" is-config="true" duration-ms="1" started-at="2019-02-11T20:28:45Z" finished-at="2019-02-11T20:28:45Z">
          <reporter-output>
          </reporter-output>
        </test-method> <!-- beforeMethod -->
        <test-method status="PASS" signature="Align_NSR_To_NR()[pri:4, instance:tests.TestOne@3c407114]" name="Align_NSR_To_NR" duration-ms="150600" started-at="2019-02-11T20:28:45Z" finished-at="2019-02-11T20:31:16Z">
          <reporter-output>
          </reporter-output>
        </test-method> <!-- Align_NSR_To_NR -->
        <test-method status="PASS" signature="afterMethod()[pri:0, instance:tests.TestOne@3c407114]" name="afterMethod" is-config="true" duration-ms="7" started-at="2019-02-11T20:31:16Z" finished-at="2019-02-11T20:31:16Z">
          <reporter-output>
          </reporter-output>
        </test-method> <!-- afterMethod -->
        <test-method status="PASS" signature="beforeMethod()[pri:0, instance:tests.TestOne@3c407114]" name="beforeMethod" is-config="true" duration-ms="1" started-at="2019-02-11T20:31:16Z" finished-at="2019-02-11T20:31:16Z">
          <reporter-output>
          </reporter-output>
        </test-method> <!-- beforeMethod -->
        <test-method status="PASS" signature="Petition_Status_Validation()[pri:5, instance:tests.TestOne@3c407114]" name="Petition_Status_Validation" duration-ms="76457" started-at="2019-02-11T20:31:16Z" finished-at="2019-02-11T20:32:32Z">
          <reporter-output>
          </reporter-output>
        </test-method> <!-- Petition_Status_Validation -->
        <test-method status="PASS" signature="afterMethod()[pri:0, instance:tests.TestOne@3c407114]" name="afterMethod" is-config="true" duration-ms="5" started-at="2019-02-11T20:32:32Z" finished-at="2019-02-11T20:32:32Z">
          <reporter-output>
          </reporter-output>
        </test-method> <!-- afterMethod -->
        <test-method status="PASS" signature="beforeMethod()[pri:0, instance:tests.TestOne@3c407114]" name="beforeMethod" is-config="true" duration-ms="1" started-at="2019-02-11T20:32:32Z" finished-at="2019-02-11T20:32:32Z">
          <reporter-output>
          </reporter-output>
        </test-method> <!-- beforeMethod -->
        <test-method status="PASS" signature="Admin_Review_Status_Validation()[pri:7, instance:tests.TestOne@3c407114]" name="Admin_Review_Status_Validation" duration-ms="196684" started-at="2019-02-11T20:32:32Z" finished-at="2019-02-11T20:35:49Z">
          <reporter-output>
          </reporter-output>
        </test-method> <!-- Admin_Review_Status_Validation -->
        <test-method status="PASS" signature="afterMethod()[pri:0, instance:tests.TestOne@3c407114]" name="afterMethod" is-config="true" duration-ms="13" started-at="2019-02-11T20:35:49Z" finished-at="2019-02-11T20:35:49Z">
          <reporter-output>
          </reporter-output>
        </test-method> <!-- afterMethod -->
        <test-method status="PASS" signature="beforeMethod()[pri:0, instance:tests.TestOne@3c407114]" name="beforeMethod" is-config="true" duration-ms="1" started-at="2019-02-11T20:35:49Z" finished-at="2019-02-11T20:35:49Z">
          <reporter-output>
          </reporter-output>
        </test-method> <!-- beforeMethod -->
        <test-method status="PASS" signature="Expedited_Review_Status_Validation()[pri:8, instance:tests.TestOne@3c407114]" name="Expedited_Review_Status_Validation" duration-ms="197920" started-at="2019-02-11T20:35:49Z" finished-at="2019-02-11T20:39:07Z">
          <reporter-output>
          </reporter-output>
        </test-method> <!-- Expedited_Review_Status_Validation -->
        <test-method status="PASS" signature="afterMethod()[pri:0, instance:tests.TestOne@3c407114]" name="afterMethod" is-config="true" duration-ms="6" started-at="2019-02-11T20:39:07Z" finished-at="2019-02-11T20:39:07Z">
          <reporter-output>
          </reporter-output>
        </test-method> <!-- afterMethod -->
        <test-method status="PASS" signature="beforeMethod()[pri:0, instance:tests.TestOne@3c407114]" name="beforeMethod" is-config="true" duration-ms="0" started-at="2019-02-11T20:39:07Z" finished-at="2019-02-11T20:39:07Z">
          <reporter-output>
          </reporter-output>
        </test-method> <!-- beforeMethod -->
        <test-method status="PASS" signature="New_Shipper_Review_Status_Validation()[pri:9, instance:tests.TestOne@3c407114]" name="New_Shipper_Review_Status_Validation" duration-ms="191423" started-at="2019-02-11T20:39:07Z" finished-at="2019-02-11T20:42:18Z">
          <reporter-output>
          </reporter-output>
        </test-method> <!-- New_Shipper_Review_Status_Validation -->
        <test-method status="PASS" signature="afterMethod()[pri:0, instance:tests.TestOne@3c407114]" name="afterMethod" is-config="true" duration-ms="7" started-at="2019-02-11T20:42:18Z" finished-at="2019-02-11T20:42:19Z">
          <reporter-output>
          </reporter-output>
        </test-method> <!-- afterMethod -->
        <test-method status="PASS" signature="beforeMethod()[pri:0, instance:tests.TestOne@3c407114]" name="beforeMethod" is-config="true" duration-ms="1" started-at="2019-02-11T20:42:19Z" finished-at="2019-02-11T20:42:19Z">
          <reporter-output>
          </reporter-output>
        </test-method> <!-- beforeMethod -->
        <test-method status="PASS" signature="Changed_Circumstance_Review_Status_Validation()[pri:10, instance:tests.TestOne@3c407114]" name="Changed_Circumstance_Review_Status_Validation" duration-ms="201399" started-at="2019-02-11T20:42:19Z" finished-at="2019-02-11T20:45:40Z">
          <reporter-output>
          </reporter-output>
        </test-method> <!-- Changed_Circumstance_Review_Status_Validation -->
        <test-method status="PASS" signature="afterMethod()[pri:0, instance:tests.TestOne@3c407114]" name="afterMethod" is-config="true" duration-ms="5" started-at="2019-02-11T20:45:40Z" finished-at="2019-02-11T20:45:40Z">
          <reporter-output>
          </reporter-output>
        </test-method> <!-- afterMethod -->
        <test-method status="FAIL" signature="afterClass()[pri:0, instance:tests.TestOne@3c407114]" name="afterClass" is-config="true" duration-ms="2434" started-at="2019-02-11T20:45:40Z" finished-at="2019-02-11T20:45:42Z">
          <exception class="org.openqa.selenium.NoSuchSessionException">
            <message>
              <![CDATA[invalid session id
  (Driver info: chromedriver=2.43.600210 (68dcf5eebde37173d4027fa8635e332711d2874a),platform=Windows NT 10.0.17134 x86_64) (WARNING: The server did not provide any stacktrace information)
Command duration or timeout: 0 milliseconds
Build info: version: '3.14.0', revision: 'aacccce0', time: '2018-08-02T20:19:58.91Z'
System info: host: 'DESKTOP-P47OH58', ip: '172.26.16.67', os.name: 'Windows 10', os.arch: 'amd64', os.version: '10.0', java.version: '1.8.0_191'
Driver info: org.openqa.selenium.chrome.ChromeDriver
Capabilities {acceptInsecureCerts: false, acceptSslCerts: false, applicationCacheEnabled: false, browserConnectionEnabled: false, browserName: chrome, chrome: {chromedriverVersion: 2.43.600210 (68dcf5eebde371..., userDataDir: C:/Users/Mouloud Hamdidouch...}, cssSelectorsEnabled: true, databaseEnabled: false, goog:chromeOptions: {debuggerAddress: localhost:64078}, handlesAlerts: true, hasTouchScreen: false, javascriptEnabled: true, locationContextEnabled: true, mobileEmulationEnabled: false, nativeEvents: true, networkConnectionEnabled: false, pageLoadStrategy: normal, platform: XP, platformName: XP, rotatable: false, setWindowRect: true, takesHeapSnapshot: true, takesScreenshot: true, unexpectedAlertBehaviour: , unhandledPromptBehavior: , version: 72.0.3626.96, webStorageEnabled: true}
Session ID: 316cf091d7f4c896c4cfa089564d7d7d]]>
            </message>
            <full-stacktrace>
              <![CDATA[org.openqa.selenium.NoSuchSessionException: invalid session id
  (Driver info: chromedriver=2.43.600210 (68dcf5eebde37173d4027fa8635e332711d2874a),platform=Windows NT 10.0.17134 x86_64) (WARNING: The server did not provide any stacktrace information)
Command duration or timeout: 0 milliseconds
Build info: version: '3.14.0', revision: 'aacccce0', time: '2018-08-02T20:19:58.91Z'
System info: host: 'DESKTOP-P47OH58', ip: '172.26.16.67', os.name: 'Windows 10', os.arch: 'amd64', os.version: '10.0', java.version: '1.8.0_191'
Driver info: org.openqa.selenium.chrome.ChromeDriver
Capabilities {acceptInsecureCerts: false, acceptSslCerts: false, applicationCacheEnabled: false, browserConnectionEnabled: false, browserName: chrome, chrome: {chromedriverVersion: 2.43.600210 (68dcf5eebde371..., userDataDir: C:/Users/Mouloud Hamdidouch...}, cssSelectorsEnabled: true, databaseEnabled: false, goog:chromeOptions: {debuggerAddress: localhost:64078}, handlesAlerts: true, hasTouchScreen: false, javascriptEnabled: true, locationContextEnabled: true, mobileEmulationEnabled: false, nativeEvents: true, networkConnectionEnabled: false, pageLoadStrategy: normal, platform: XP, platformName: XP, rotatable: false, setWindowRect: true, takesHeapSnapshot: true, takesScreenshot: true, unexpectedAlertBehaviour: , unhandledPromptBehavior: , version: 72.0.3626.96, webStorageEnabled: true}
Session ID: 316cf091d7f4c896c4cfa089564d7d7d
at sun.reflect.NativeConstructorAccessorImpl.newInstance0(Native Method)
at sun.reflect.NativeConstructorAccessorImpl.newInstance(Unknown Source)
at sun.reflect.DelegatingConstructorAccessorImpl.newInstance(Unknown Source)
at java.lang.reflect.Constructor.newInstance(Unknown Source)
at org.openqa.selenium.remote.ErrorHandler.createThrowable(ErrorHandler.java:214)
at org.openqa.selenium.remote.ErrorHandler.throwIfResponseFailed(ErrorHandler.java:166)
at org.openqa.selenium.remote.http.JsonHttpResponseCodec.reconstructValue(JsonHttpResponseCodec.java:40)
at org.openqa.selenium.remote.http.AbstractHttpResponseCodec.decode(AbstractHttpResponseCodec.java:80)
at org.openqa.selenium.remote.http.AbstractHttpResponseCodec.decode(AbstractHttpResponseCodec.java:44)
at org.openqa.selenium.remote.HttpCommandExecutor.execute(HttpCommandExecutor.java:158)
at org.openqa.selenium.remote.service.DriverCommandExecutor.execute(DriverCommandExecutor.java:83)
at org.openqa.selenium.remote.RemoteWebDriver.execute(RemoteWebDriver.java:548)
at org.openqa.selenium.remote.RemoteWebDriver.execute(RemoteWebDriver.java:605)
at org.openqa.selenium.remote.RemoteWebDriver.close(RemoteWebDriver.java:438)
at GuiLibs.GuiTools.closeBrowser(GuiTools.java:264)
at tests.TestOne.afterClass(TestOne.java:97)
at sun.reflect.NativeMethodAccessorImpl.invoke0(Native Method)
at sun.reflect.NativeMethodAccessorImpl.invoke(Unknown Source)
at sun.reflect.DelegatingMethodAccessorImpl.invoke(Unknown Source)
at java.lang.reflect.Method.invoke(Unknown Source)
at org.testng.internal.MethodInvocationHelper.invokeMethod(MethodInvocationHelper.java:124)
at org.testng.internal.MethodInvocationHelper.invokeMethodConsideringTimeout(MethodInvocationHelper.java:59)
at org.testng.internal.Invoker.invokeConfigurationMethod(Invoker.java:455)
at org.testng.internal.Invoker.invokeConfigurations(Invoker.java:222)
at org.testng.internal.Invoker.invokeConfigurations(Invoker.java:142)
at org.testng.internal.TestMethodWorker.invokeAfterClassMethods(TestMethodWorker.java:214)
at org.testng.internal.TestMethodWorker.run(TestMethodWorker.java:111)
at org.testng.TestRunner.privateRun(TestRunner.java:648)
at org.testng.TestRunner.run(TestRunner.java:505)
at org.testng.SuiteRunner.runTest(SuiteRunner.java:455)
at org.testng.SuiteRunner.runSequentially(SuiteRunner.java:450)
at org.testng.SuiteRunner.privateRun(SuiteRunner.java:415)
at org.testng.SuiteRunner.run(SuiteRunner.java:364)
at org.testng.SuiteRunnerWorker.runSuite(SuiteRunnerWorker.java:52)
at org.testng.SuiteRunnerWorker.run(SuiteRunnerWorker.java:84)
at org.testng.TestNG.runSuitesSequentially(TestNG.java:1208)
at org.testng.TestNG.runSuitesLocally(TestNG.java:1137)
at org.testng.TestNG.runSuites(TestNG.java:1049)
at org.testng.TestNG.run(TestNG.java:1017)
at tests.TestOne.main(TestOne.java:70)
]]>
            </full-stacktrace>
          </exception> <!-- org.openqa.selenium.NoSuchSessionException -->
          <reporter-output>
          </reporter-output>
        </test-method> <!-- afterClass -->
      </class> <!-- tests.TestOne -->
    </test> <!-- Test -->
  </suite> <!-- Suite -->
</testng-results>
