<?xml version="1.0" encoding="UTF-8"?>
<!-- Generated by org.testng.reporters.JUnitXMLReporter -->
<testsuite hostname="DESKTOP-P47OH58" ignored="14" name="Test" tests="1" failures="0" timestamp="16 Feb 2019 01:34:44 GMT" time="150.559" errors="0">
  <testcase name="@AfterClass afterClass" time="2.312" classname="tests.TestOne">
    <failure type="org.openqa.selenium.NoSuchSessionException" message="invalid session id
  (Driver info: chromedriver=2.43.600210 (68dcf5eebde37173d4027fa8635e332711d2874a),platform=Windows NT 10.0.17134 x86_64) (WARNING: The server did not provide any stacktrace information)
Command duration or timeout: 0 milliseconds
Build info: version: &amp;apos;3.14.0&amp;apos;, revision: &amp;apos;aacccce0&amp;apos;, time: &amp;apos;2018-08-02T20:19:58.91Z&amp;apos;
System info: host: &amp;apos;DESKTOP-P47OH58&amp;apos;, ip: &amp;apos;192.168.0.8&amp;apos;, os.name: &amp;apos;Windows 10&amp;apos;, os.arch: &amp;apos;amd64&amp;apos;, os.version: &amp;apos;10.0&amp;apos;, java.version: &amp;apos;1.8.0_191&amp;apos;
Driver info: org.openqa.selenium.chrome.ChromeDriver
Capabilities {acceptInsecureCerts: false, acceptSslCerts: false, applicationCacheEnabled: false, browserConnectionEnabled: false, browserName: chrome, chrome: {chromedriverVersion: 2.43.600210 (68dcf5eebde371..., userDataDir: C:/Users/Mouloud Hamdidouch...}, cssSelectorsEnabled: true, databaseEnabled: false, goog:chromeOptions: {debuggerAddress: localhost:64509}, handlesAlerts: true, hasTouchScreen: false, javascriptEnabled: true, locationContextEnabled: true, mobileEmulationEnabled: false, nativeEvents: true, networkConnectionEnabled: false, pageLoadStrategy: normal, platform: XP, platformName: XP, rotatable: false, setWindowRect: true, takesHeapSnapshot: true, takesScreenshot: true, unexpectedAlertBehaviour: , unhandledPromptBehavior: , version: 72.0.3626.109, webStorageEnabled: true}
Session ID: 1c5906e228594b5885b87f57031f592e">
      <![CDATA[org.openqa.selenium.NoSuchSessionException: invalid session id
  (Driver info: chromedriver=2.43.600210 (68dcf5eebde37173d4027fa8635e332711d2874a),platform=Windows NT 10.0.17134 x86_64) (WARNING: The server did not provide any stacktrace information)
Command duration or timeout: 0 milliseconds
Build info: version: '3.14.0', revision: 'aacccce0', time: '2018-08-02T20:19:58.91Z'
System info: host: 'DESKTOP-P47OH58', ip: '192.168.0.8', os.name: 'Windows 10', os.arch: 'amd64', os.version: '10.0', java.version: '1.8.0_191'
Driver info: org.openqa.selenium.chrome.ChromeDriver
Capabilities {acceptInsecureCerts: false, acceptSslCerts: false, applicationCacheEnabled: false, browserConnectionEnabled: false, browserName: chrome, chrome: {chromedriverVersion: 2.43.600210 (68dcf5eebde371..., userDataDir: C:/Users/Mouloud Hamdidouch...}, cssSelectorsEnabled: true, databaseEnabled: false, goog:chromeOptions: {debuggerAddress: localhost:64509}, handlesAlerts: true, hasTouchScreen: false, javascriptEnabled: true, locationContextEnabled: true, mobileEmulationEnabled: false, nativeEvents: true, networkConnectionEnabled: false, pageLoadStrategy: normal, platform: XP, platformName: XP, rotatable: false, setWindowRect: true, takesHeapSnapshot: true, takesScreenshot: true, unexpectedAlertBehaviour: , unhandledPromptBehavior: , version: 72.0.3626.109, webStorageEnabled: true}
Session ID: 1c5906e228594b5885b87f57031f592e
at org.openqa.selenium.remote.ErrorHandler.createThrowable(ErrorHandler.java:214)
at org.openqa.selenium.remote.ErrorHandler.throwIfResponseFailed(ErrorHandler.java:166)
at org.openqa.selenium.remote.http.JsonHttpResponseCodec.reconstructValue(JsonHttpResponseCodec.java:40)
at org.openqa.selenium.remote.http.AbstractHttpResponseCodec.decode(AbstractHttpResponseCodec.java:80)
at org.openqa.selenium.remote.http.AbstractHttpResponseCodec.decode(AbstractHttpResponseCodec.java:44)
at org.openqa.selenium.remote.HttpCommandExecutor.execute(HttpCommandExecutor.java:158)
at org.openqa.selenium.remote.service.DriverCommandExecutor.execute(DriverCommandExecutor.java:83)
at org.openqa.selenium.remote.RemoteWebDriver.execute(RemoteWebDriver.java:548)
at org.openqa.selenium.remote.RemoteWebDriver.execute(RemoteWebDriver.java:605)
at org.openqa.selenium.remote.RemoteWebDriver.close(RemoteWebDriver.java:438)
at GuiLibs.GuiTools.closeBrowser(GuiTools.java:264)
at tests.TestOne.afterClass(TestOne.java:92)
at tests.TestOne.main(TestOne.java:64)
... Removed 27 stack frames]]>
    </failure>
  </testcase> <!-- @AfterClass afterClass -->
  <testcase name="Litigation_Dates_Validation" time="147.391" classname="tests.TestOne"/>
  <testcase name="Anticircumvention_Status_Validation" time="0.0" classname="tests.TestOne">
    <ignored/>
  </testcase> <!-- Anticircumvention_Status_Validation -->
  <testcase name="Admin_Review_Status_Validation" time="0.0" classname="tests.TestOne">
    <ignored/>
  </testcase> <!-- Admin_Review_Status_Validation -->
  <testcase name="Expedited_Review_Status_Validation" time="0.0" classname="tests.TestOne">
    <ignored/>
  </testcase> <!-- Expedited_Review_Status_Validation -->
  <testcase name="Petition_Status_Validation" time="0.0" classname="tests.TestOne">
    <ignored/>
  </testcase> <!-- Petition_Status_Validation -->
  <testcase name="Align_NSR_To_NR" time="0.0" classname="tests.TestOne">
    <ignored/>
  </testcase> <!-- Align_NSR_To_NR -->
  <testcase name="New_Shipper_Review_Status_Validation" time="0.0" classname="tests.TestOne">
    <ignored/>
  </testcase> <!-- New_Shipper_Review_Status_Validation -->
  <testcase name="Changed_Circumstance_Review_Status_Validation" time="0.0" classname="tests.TestOne">
    <ignored/>
  </testcase> <!-- Changed_Circumstance_Review_Status_Validation -->
  <testcase name="International_Litigation_Status_Validation" time="0.0" classname="tests.TestOne">
    <ignored/>
  </testcase> <!-- International_Litigation_Status_Validation -->
  <testcase name="Sunset_Status_Validation" time="0.0" classname="tests.TestOne">
    <ignored/>
  </testcase> <!-- Sunset_Status_Validation -->
  <testcase name="CVD_Align_With_AD" time="0.0" classname="tests.TestOne">
    <ignored/>
  </testcase> <!-- CVD_Align_With_AD -->
  <testcase name="Scope_Status_Validation" time="0.0" classname="tests.TestOne">
    <ignored/>
  </testcase> <!-- Scope_Status_Validation -->
  <testcase name="Remand_Status_Validation" time="0.0" classname="tests.TestOne">
    <ignored/>
  </testcase> <!-- Remand_Status_Validation -->
  <testcase name="Investigation_Status_Validation" time="0.0" classname="tests.TestOne">
    <ignored/>
  </testcase> <!-- Investigation_Status_Validation -->
  <testcase name="Self_Initiated_Petition_Investigation_Dates" time="0.0" classname="tests.TestOne">
    <ignored/>
  </testcase> <!-- Self_Initiated_Petition_Investigation_Dates -->
</testsuite> <!-- Test -->
